<?xml version="1.0" encoding="UTF-8"?>
<testng-results skipped="0" failed="0" total="1" passed="1">
  <reporter-output>
  </reporter-output>
  <suite name="MavenTestNGTest" duration-ms="11907" started-at="2013-11-03T19:33:00Z" finished-at="2013-11-03T19:33:12Z">
    <groups>
    </groups>
    <test name="Command line test eee0ea63-663d-412a-a4bf-b78b49fed780" duration-ms="11907" started-at="2013-11-03T19:33:00Z" finished-at="2013-11-03T19:33:12Z">
      <class name="MavenTestNGTest">
        <test-method status="PASS" signature="star()[pri:0, instance:MavenTestNGTest@22e60626]" name="star" is-config="true" duration-ms="9425" started-at="2013-11-03T14:33:00Z" finished-at="2013-11-03T14:33:09Z">
          <reporter-output>
          </reporter-output>
        </test-method> <!-- star -->
        <test-method status="PASS" signature="testsignup()[pri:0, instance:MavenTestNGTest@22e60626]" name="testsignup" duration-ms="321" started-at="2013-11-03T14:33:09Z" finished-at="2013-11-03T14:33:10Z">
          <reporter-output>
          </reporter-output>
        </test-method> <!-- testsignup -->
        <test-method status="PASS" signature="end()[pri:0, instance:MavenTestNGTest@22e60626]" name="end" is-config="true" duration-ms="2140" started-at="2013-11-03T14:33:10Z" finished-at="2013-11-03T14:33:12Z">
          <reporter-output>
          </reporter-output>
        </test-method> <!-- end -->
      </class> <!-- MavenTestNGTest -->
    </test> <!-- Command line test eee0ea63-663d-412a-a4bf-b78b49fed780 -->
  </suite> <!-- MavenTestNGTest -->
</testng-results>
